<?xml version="1.0" encoding="UTF-8" ?>
<testsuite tests="7" failures="0" name="test.ContenedorTest" time="0.008" errors="0" skipped="0">
  <properties>
[...]
</properties>
  <testcase classname="test.ContenedorTest" name="testSetListaUsuario" time="0"/>
  <testcase classname="test.ContenedorTest" name="testAgregarUsuario" time="0"/>
  <testcase classname="test.ContenedorTest" name="testSetListaCapacitacion" time="0"/>
  <testcase classname="test.ContenedorTest" name="testAgregarCapacitacion" time="0"/>
  <testcase classname="test.ContenedorTest" name="testToString" time="0.008"/>
  <testcase classname="test.ContenedorTest" name="testGetListaCapacitacion" time="0"/>
  <testcase classname="test.ContenedorTest" name="testGetListaUsuario" time="0"/>
</testsuite>